生成启动时间为 2018/3/20 18:33:45。
     1>项目“C:\Users\Administrator\Documents\Visual Studio 2013\Projects\OPENCV3\OPENCV3\OPENCV3.vcxproj”在节点 2 上(Build 个目标)。
     1>ClCompile:
         D:\VC\VC\bin\CL.exe /c /ZI /nologo /W3 /WX- /sdl /Od /Oy- /D _MBCS /Gm /EHsc /RTC1 /MDd /GS /fp:precise /Zc:wchar_t /Zc:forScope /Fo"Debug\\" /Fd"Debug\vc120.pdb" /Gd /TP /analyze- /errorReport:prompt "源.cpp"
         源.cpp
     1>c:\users\administrator\documents\visual studio 2013\projects\opencv3\opencv3\源.cpp(21): warning C4244: “=”: 从“double”转换到“int”，可能丢失数据
     1>c:\users\administrator\documents\visual studio 2013\projects\opencv3\opencv3\源.cpp(22): warning C4244: “=”: 从“double”转换到“int”，可能丢失数据
     1>c:\users\administrator\documents\visual studio 2013\projects\opencv3\opencv3\源.cpp(26): warning C4244: “=”: 从“double”转换到“int”，可能丢失数据
     1>c:\users\administrator\documents\visual studio 2013\projects\opencv3\opencv3\源.cpp(27): warning C4244: “=”: 从“double”转换到“int”，可能丢失数据
     1>c:\users\administrator\documents\visual studio 2013\projects\opencv3\opencv3\源.cpp(31): warning C4244: “=”: 从“double”转换到“int”，可能丢失数据
     1>c:\users\administrator\documents\visual studio 2013\projects\opencv3\opencv3\源.cpp(32): warning C4244: “=”: 从“double”转换到“int”，可能丢失数据
     1>c:\users\administrator\documents\visual studio 2013\projects\opencv3\opencv3\源.cpp(36): warning C4244: “=”: 从“double”转换到“int”，可能丢失数据
     1>c:\users\administrator\documents\visual studio 2013\projects\opencv3\opencv3\源.cpp(37): warning C4244: “=”: 从“double”转换到“int”，可能丢失数据
     1>c:\users\administrator\documents\visual studio 2013\projects\opencv3\opencv3\源.cpp(39): warning C4244: “参数”: 从“double”转换到“int”，可能丢失数据
       Link:
         D:\VC\VC\bin\link.exe /ERRORREPORT:PROMPT /OUT:"C:\Users\Administrator\Documents\Visual Studio 2013\Projects\OPENCV3\Debug\OPENCV3.exe" /INCREMENTAL /NOLOGO opencv_ml2411d.lib opencv_calib3d2411d.lib opencv_contrib2411d.lib opencv_core2411d.lib opencv_features2d2411d.lib opencv_flann2411d.lib opencv_gpu2411d.lib opencv_highgui2411d.lib opencv_imgproc2411d.lib opencv_legacy2411d.lib opencv_nonfree2411d.lib opencv_objdetect2411d.lib opencv_ocl2411d.lib opencv_photo2411d.lib opencv_stitching2411d.lib opencv_superres2411d.lib opencv_ts2411d.lib opencv_video2411d.lib opencv_videostab2411d.lib kernel32.lib user32.lib gdi32.lib winspool.lib comdlg32.lib advapi32.lib shell32.lib ole32.lib oleaut32.lib uuid.lib odbc32.lib odbccp32.lib /MANIFEST /MANIFESTUAC:"level='asInvoker' uiAccess='false'" /manifest:embed /DEBUG /PDB:"C:\Users\Administrator\Documents\Visual Studio 2013\Projects\OPENCV3\Debug\OPENCV3.pdb" /TLBID:1 /DYNAMICBASE /NXCOMPAT /IMPLIB:"C:\Users\Administrator\Documents\Visual Studio 2013\Projects\OPENCV3\Debug\OPENCV3.lib" /MACHINE:X86 "Debug\源.obj"
         OPENCV3.vcxproj -> C:\Users\Administrator\Documents\Visual Studio 2013\Projects\OPENCV3\Debug\OPENCV3.exe
     1>已完成生成项目“C:\Users\Administrator\Documents\Visual Studio 2013\Projects\OPENCV3\OPENCV3\OPENCV3.vcxproj”(Build 个目标)的操作。

生成成功。

已用时间 00:00:01.18
